addMultiPointMethods.addSinglePointMethods7addArrayValuesIgetValueMethodParameterValuegetStaticFieldValuejisCorrectlyTypedaAllMembersSupplier getValueSources'XfClassfMethodWParameterSupplierPotentialAssignment	êæ_'2”}^ParameterizedAssertionError]Stringıÿÿÿ#	ThrowableObjectüÿÿÿ,
Collection#[Stringşÿÿÿ#Zjoinşÿÿÿ#YstringValueOf,ParameterizedAssertionErrorjoinşÿÿÿ#equalsXserialVersionUIDWRuntimeExceptionaé_dò…F^TestedOn[int[]ZintsYintsW
AnnotationVParametersSuppliedBy	RetentionoèYTestedOnSuppliergetValueSources_
=2^TestedOnSupplier]ParameterSignatureWParameterSupplier]ß_KÔT^Theory[booleanZnullsAcceptedYnullsAcceptedW
AnnotationV	Retention\ÚYParameterSuppliergetValueSources_8Ë%Æ^ParameterSupplier]ParameterSignature3Ù_y¢>7^	DataPointV	RetentionW
Annotation4Ó_º¥‰^
DataPointsV	RetentionW
AnnotationYâ_	—¥n^ParametersSuppliedBy[ClassZvalueYvalueW
AnnotationV	Retention÷×_!óëş^ParameterSignature]Method
Classøÿÿÿ!*;BIR_
Annotationıÿÿÿ!RConstructor[	ArrayList
ListZ
signaturesşÿÿÿ
Y	getAnnotations6ParameterSignature!
signaturesıÿÿÿ
getType1findDeepAnnotationşÿÿÿIRcanAcceptType*canAcceptArrayType;getAnnotation_hasAnnotationBXannotationstypeèÔ_¦”–_§ßò^TheoriesTheoryAnchor]	FrameworkMethodúÿÿÿFMc‹ØAssignmentsúÿÿÿ6v}„‹AssumptionViolatedException–ObjectüÿÿÿM‹	Statement*Classşÿÿÿ6°	TestClasscListûÿÿÿ?·¾ÅÌ	ThrowableYcomputeTestMethodsÓcollectInitializationErrorsşÿÿÿ?·validateDataPointFields¾reportParameterizedErrorrunWithCompleteAssignment„Theories°validateTestMethodsÌTheoryAnchorc
createTestVevaluateıÿÿÿ1qmethodBlockşÿÿÿFØ21şÿÿÿ*6methodCompletesWithParameters‹handleAssumptionViolation–methodInvokerMrunWithAssignmentvvalidateConstructorÅhandleDataPointSuccess«runWithIncompleteAssignment}nullsOk¦getTestClasslX
fTestClass_fInvalidParametersafTestMethod]	successes[WBlockJUnit4ClassRunnerşÿÿÿ#	Statementıÿÿÿ	(òÑ_hxİw;«Z|^CouldNotGenerateValueExceptionPotentialAssignment]Objectşÿÿÿ4Stringşÿÿÿ4[PotentialAssignment4ZforValue4YgetDescriptionşÿÿÿ*B1toString%getValueşÿÿÿ =forValue4CouldNotGenerateValueExceptionPotentialAssignment/XserialVersionUIDW	Exception	PotentialAssignmentOì_‚ØYô^Category[Class[]ZvalueYvalueW
AnnotationV	RetentionÜ	ë	_©Ó.)}’Ép4|G^3ıJR^
CategoriesCategoryFilterExcludeCategoryGIncludeCategoryR]RunnerBuilder]Classûÿÿÿ]fmDescriptionøÿÿÿ$+29@t{‚[CategoryFilterClassşÿÿÿMXZincludevalueşÿÿÿMXYdirectCategories@parentDescription9
Categories]valueşÿÿÿMXhasCorrectCategoryAnnotation+getIncludedCategoryfCategoryFilterdescribe	shouldRun$getExcludedCategoryminclude
categories2canHaveCategorizedChildren‚7assertNoCategorizedDescendentsOfUncategorizeableParentst*assertNoDescendantsHaveCategoryAnnotations{X	fExcluded	fIncludedWSuiteFilter	
AnnotationşÿÿÿKVV	RetentionşÿÿÿIT×ùœ_KP—^ParallelComputer]RunnableRunner5Classşÿÿÿ<ERunnerBuilderşÿÿÿ<E[Computerşÿÿÿ+0Zclasses+methods0Y	methods0ParallelComputer"parallelize5classes+1schedulefinished	getRunnerEgetSuite<XfMethods fClassesfServiceWComputerRunnerScheduler
;á–_™v´j^	ClassRuleV	RetentionTargetW
Annotation<å–_Äûæ^
AfterClassV	RetentionTargetW
Annotation=ç–_K/^BeforeClassV	RetentionTargetW
Annotationã–_áî¦^package-infoïà–_ïh7sWÌÆ^ComparisonFailureComparisonCompactor]Stringüÿÿÿ&-UYcomputeCommonSuffixCcomputeCommonPrefix>findCommonPrefix4compact&getExpectedj
getMessage`	getActualefindCommonSuffix9ComparisonCompactorareStringsEqualHComparisonFailureUcompactString-X
MAX_CONTEXT_LENGTHMfContextLengthfActualşÿÿÿSDELTA_START	DELTA_ENDELLIPSIS	fExpectedşÿÿÿQserialVersionUIDOfSuffixfPrefixWAssertionErrorcŞ–_Ş¾Ñ‚^FixMethodOrder[MethodSortersZvalueYvalueW
AnnotationV	RetentionTargetQõ_9¼ú^Version]String[StringvoidZmainidYmainidVersionö_¾³ŞÓ^package-info×÷_ì^
TestRunner]StringúÿÿÿAHkry„Testûÿÿÿ(/6T[ResultPrinterşÿÿÿ‹	Throwable6PrintStreamClass![intıÿÿÿ

TestResult(voidıÿÿÿ!/kZ
runAndWait/EXCEPTION_EXITFAILURE_EXIT
runşÿÿÿ!(mainkSUCCESS_EXITYstartrrunşÿÿÿ!(doRunşÿÿÿT[
runAndWait/testStartedArunSingleMethodypaused
testFailed6	testEndedH
TestRunnerıÿÿÿ	runFailed„createTestResultO
setPrinter‹mainkXFAILURE_EXIT
fPrinterSUCCESS_EXITEXCEPTION_EXITWBaseTestRunneráó_ì)±^BaseTestRunner]Stringóÿÿÿ-OVhv„‹’™´»Ë×Testûÿÿÿ6=F]	Throwableıÿÿÿ=]Ä
PropertiesAssertionFailedErrorF[Stringûÿÿÿ‹´ÄËintşÿÿÿ
»booleanıÿÿÿÒ×
Properties#voidıÿÿÿ(-ZSUITE_METHODNAMEshowStackRawÒsetPreferencestruncate‹getPreferences#savePreferences(setPreference-fgFilterStack
filterLine×getFilteredTraceşÿÿÿÄËfgMaxMessageLength
getPreferenceşÿÿÿ´»Ytruncate‹endTest6getPreferencesFileªsetPreference-	startTestgetTesthuseReloadingTestSuiteLoader¥
filterLine×setPreferencesprocessArgumentsv
setLoading}loadSuiteClass™
testFailed]getPreferenceşÿÿÿ´»getFilteredTraceşÿÿÿÄË	testEndedVelapsedTimeAsStringogetPreferences#	runFailed’clearStatus testStartedOreadPreferences¯BaseTestRunnerextractClassName„showStackRawÒaddError=savePreferences(
addFailureFXfLoadingSUITE_METHODNAMEfPreferencesfgMaxMessageLength
fgFilterStackWTestListener\Á_óa×¢^Test]
TestResult[intvoidZcountTestCasesrunYcountTestCasesrunóô_2º^TestRunListener]Stringüÿÿÿ
!(/[intşÿÿÿvoidúÿÿÿ
!(/ZtestRunStoppedtestRunEndedSTATUS_ERROR
testFailed/	testEnded(STATUS_FAILUREtestStarted!testRunStarted
YtestRunStoppedtestRunEnded
testFailed/	testEnded(testStarted!testRunStarted
XSTATUS_FAILURESTATUS_ERRORø_-âí"^package-infoäù_WKçp^ResultPrinter]String4	ThrowablekTestüÿÿÿkt}„AssertionFailedErrortTestFailureıÿÿÿ?HQ
TestResultüÿÿÿ&-XEnumeration4PrintStream
YprintendTest}printErrors&	startTest„printDefects4printWaitPromptprintDefectHeaderHprintHeaderprintFailures-addErrorkprintDefect?printDefectTraceQelapsedTimeAsString_	getWriterfResultPrinter
printFooterX
addFailuretXfWriterfColumnWTestListenerÚ
ü_‚£‚V^Assert]Stringêÿÿÿ,8LW`x¤¸ÌàôÏßèüĞ×âíObjectóÿÿÿ8CÈÏØßèóüÇ×âí[StringívoidÛÿÿÿ%,38CLW`mx…›¤¯¸ÃÌ×àëôÿÈÏØßèóüÇĞ×âZassertEqualsìÿÿÿ8CLW`mx…›¤¯¸ÃÌ×àëôÿassertFalseşÿÿÿ%failNotEqualsâfailNotSame×formatí
assertNullşÿÿÿØßassertNotNullşÿÿÿÈÏfailSameĞassertNotSameşÿÿÿüÇ
assertTrueşÿÿÿfailşÿÿÿ,3
assertSameşÿÿÿèóYassertEqualsìÿÿÿ8CLW`mx…›¤¯¸ÃÌ×àëôÿassertFalseşÿÿÿ%failSameĞfailNotEqualsâfailNotSame×formatí
assertNullşÿÿÿØßassertNotNullşÿÿÿÈÏAssertassertNotSameşÿÿÿüÇ
assertTrueşÿÿÿfailşÿÿÿ,3
assertSameşÿÿÿèóV
Deprecated8ûZprotectYprotect_ØG™^Protectable[voidÍÈ_üfv^	TestSuite]Stringùÿÿÿ-NWlTestşÿÿÿu”	Throwable4Classöÿÿÿ&@GN^el|ºListº
TestResultşÿÿÿ”MethodıÿÿÿºÅÌ[Testşÿÿÿ-Constructor&Zwarning-getTestConstructor&
createTestYtests°runaddTestuisTestMethodÌrunTestşÿÿÿ”getTestConstructor&	testCount«addTestsFromTestCaseG
createTesttestCaseForClassegetNameˆtestAt¤toStringµaddTestSuite|warning-1addTestMethodºisPublicTestMethodÅcountTestCasesƒsetNameexceptionToString4	TestSuiteúÿÿÿ;@NW^lXfTestsfNameWTestTestCase	ÚÇ_ÈÊ_^
TestResult]AssertionFailedError/ProtectablerTestûÿÿÿ&/Kr€TestCaseşÿÿÿf	Throwable&TestListenerşÿÿÿ8?YwasSuccessfulŒendTestKfailuresa
shouldStop{	startTest€removeListener?protectcloneListenersFrunCountm
errorCountRstop‡
TestResult!1runProtectedraddListener8errorsWaddError&runffailureCount\
addFailure/X
fListeners	fRunTestsfErrorsfStop	fFailuresWProtectable
¨ÄYthrownExceptiontoStringexceptionMessage'trace"TestFailure

failedTest	isFailure,_©!wˆ^TestFailure]Test
	Throwable
XfFailedTestfThrownExceptionùú_9©%ò^TestCase]Stringèÿÿÿ4DT`tˆ ¸ÌàôÈÜ÷ÇĞäøÿÊÕôObjectóÿÿÿ`kğ÷ÀÇĞÛäïÿÊÕ
TestResult#[StringÕvoidÛÿÿÿ4=DMT[`ktˆ• ­¸ÃÌ×àëôÿÈÓÜçğ÷ÀÇĞÛäïøÿÊZassertEqualsìÿÿÿ`ktˆ• ­¸ÃÌ×àëôÿÈÓÜçassertFalseşÿÿÿDMfailNotEqualsÊfailNotSameÿformatÕ
assertNullşÿÿÿÀÇassertNotNullşÿÿÿğ÷failSameøassertNotSameşÿÿÿäï
assertTrueşÿÿÿ4=failşÿÿÿT[
assertSameşÿÿÿĞÛY
assertNullşÿÿÿÀÇrunşÿÿÿ#
assertSameşÿÿÿĞÛassertEqualsìÿÿÿ`ktˆ• ­¸ÃÌ×àëôÿÈÓÜçrunTest/runBare*failNotSameÿassertFalseşÿÿÿDMsetUpàcountTestCasestoStringêcreateResultformatÕTestCaseşÿÿÿassertNotNullşÿÿÿğ÷
assertTrueşÿÿÿ4=failNotEqualsÊfailSameøgetNameïassertNotSameşÿÿÿäïsetNameôfailşÿÿÿT[tearDownåXfNameWTestAssert´Ã_£ >v^TestListener]Testüÿÿÿ	ThrowableAssertionFailedError[voidüÿÿÿZ	startTestaddErrorendTest
addFailureY	startTestaddErrorendTest
addFailureÆ_«¾<Å^package-info·À_*Ø1^ComparisonFailure]StringY	getActualComparisonFailuregetExpected#
getMessageX	fExpected
MAX_CONTEXT_LENGTHserialVersionUIDfActualWAssertionFailedErrorÛÿYcomputeCommonSuffix>computeCommonPrefix9findCommonPrefix/compact!findCommonSuffix4ComparisonCompactorareStringsEqualCcompactString(_,¤¥-^ComparisonCompactor]Stringıÿÿÿ!(XfContextLengthfActualDELTA_START
	DELTA_ENDELLIPSIS	fExpectedfSuffixfPrefixÍÊ_z@‡^JUnit4TestAdapter]ClassşÿÿÿFilterJ
TestResult!SorterQDescriptionşÿÿÿ7>JUnit4TestAdapterCacheYgetDescription2sortQtoStringEJUnit4TestAdapterşÿÿÿfilterJrun!getTests(countTestCasesremoveIgnored7getTestClass-	isIgnored>XfNewTestClassfCache
fRunnerWSortableTestDescribable
FilterableªÂ_MßÓ²^JUnit4TestCaseFacade]
TestResultDescriptionYtoStringruncountTestCasesgetDescription JUnit4TestCaseFacadeXfDescriptionWTestDescribable†Ë_Zy^AssertionFailedError]StringşÿÿÿYdefaultStringAssertionFailedErrorşÿÿÿXserialVersionUIDWAssertionErrorĞ_B1Õæ^RepeatedTest]Test
TestResultYRepeatedTestcountTestCasesruntoStringXfTimesRepeatWTestDecoratorÍYprotect	TestSetup1setUp%tearDown*run_l²p‘^	TestSetup]Test
TestResultşÿÿÿWProtectable
TestDecoratorÑ_4¡äo^package-infoÈÉ_ÌJã;^JUnit4TestAdapterCache]JUnit4TestAdapterC
TestResultşÿÿÿCDescriptionûÿÿÿ 5<LFailure[JUnit4TestAdapterCache0Z
getDefault0Y
testFailure1
createTest<getNotifierC
asTestListLasTest5
getDefault0testFinishedtestStarted JUnit4TestAdapterCache+X	fInstance)serialVersionUID'WRunListener	HashMap’Ì_¸¶DO^TestDecorator]Test
TestResultşÿÿÿYtoString"getTest'runTestDecoratorcountTestCasesbasicRunXfTestWTestAssertÚÏ_8sx&^ActiveTestSuite]Stringşÿÿÿ'.Testşÿÿÿ>
TestResultıÿÿÿ7>Classşÿÿÿ .YwaitUntilFinishedGrunFinishedL1runTest>ActiveTestSuiteüÿÿÿ '.runşÿÿÿ7XfActiveTestDeathCountWThread		TestSuiteâ¢ 